TinyRecursiveReasoningModel_ACTV1(
  (inner): TinyRecursiveReasoningModel_ACTV1_Inner(
    (embed_tokens): CastedEmbedding()
    (lm_head): CastedLinear()
    (q_head): CastedLinear()
    (puzzle_emb): CastedSparseEmbedding()
    (rotary_emb): RotaryEmbedding()
    (L_level): TinyRecursiveReasoningModel_ACTV1ReasoningModule(
      (layers): ModuleList(
        (0): TinyRecursiveReasoningModel_ACTV1Block(
          (self_attn): Attention(
            (qkv_proj): CastedLinear()
            (o_proj): CastedLinear()
          )
        )
        (1): TinyRecursiveReasoningModel_ACTV1Block(
          (self_attn): Attention(
            (qkv_proj): CastedLinear()
            (o_proj): CastedLinear()
          )
          (mlp): SwiGLU(
            (gate_up_proj): CastedLinear()
            (down_proj): CastedLinear()
          )
        )
      )
    )
  )
)
Setup EMA
[Rank 0, World Size 1]: Epoch 0
TRAIN
EVALUATE
SWITCH TO EMA
Processing batch 1: all
  Completed inference in 16 steps
Processing batch 2: all
  Completed inference in 16 steps
Processing batch 3: all
  Completed inference in 16 steps
Processing batch 4: all
  Completed inference in 16 steps

Running 0 evaluator(s)...
All evaluators completed!
SAVE CHECKPOINT
[Rank 0, World Size 1]: Epoch 500
TRAIN
EVALUATE
SWITCH TO EMA
Processing batch 1: all
  Completed inference in 16 steps
Processing batch 2: all
  Completed inference in 16 steps
Processing batch 3: all
  Completed inference in 16 steps
Processing batch 4: all
  Completed inference in 16 steps

Running 0 evaluator(s)...
All evaluators completed!
SAVE CHECKPOINT
[Rank 0, World Size 1]: Epoch 1000
TRAIN
EVALUATE
SWITCH TO EMA
Processing batch 1: all
  Completed inference in 16 steps
Processing batch 2: all
  Completed inference in 16 steps
Processing batch 3: all
  Completed inference in 16 steps
Processing batch 4: all
  Completed inference in 16 steps

Running 0 evaluator(s)...
All evaluators completed!
SAVE CHECKPOINT
[Rank 0, World Size 1]: Epoch 1500
TRAIN
EVALUATE
SWITCH TO EMA
Processing batch 1: all
  Completed inference in 16 steps
Processing batch 2: all
  Completed inference in 16 steps
Processing batch 3: all
  Completed inference in 16 steps
Processing batch 4: all
  Completed inference in 16 steps

Running 0 evaluator(s)...
All evaluators completed!
SAVE CHECKPOINT
[Rank 0, World Size 1]: Epoch 2000
TRAIN
EVALUATE
SWITCH TO EMA
Processing batch 1: all
  Completed inference in 16 steps
Processing batch 2: all
  Completed inference in 16 steps
Processing batch 3: all
  Completed inference in 16 steps
Processing batch 4: all
  Completed inference in 16 steps

Running 0 evaluator(s)...
All evaluators completed!
SAVE CHECKPOINT
[Rank 0, World Size 1]: Epoch 2500
TRAIN
EVALUATE
SWITCH TO EMA
Processing batch 1: all
  Completed inference in 16 steps
Processing batch 2: all
  Completed inference in 16 steps
Processing batch 3: all
  Completed inference in 16 steps
Processing batch 4: all
  Completed inference in 16 steps

Running 0 evaluator(s)...
All evaluators completed!
SAVE CHECKPOINT
[Rank 0, World Size 1]: Epoch 3000
TRAIN
EVALUATE
SWITCH TO EMA
Processing batch 1: all
  Completed inference in 16 steps
Processing batch 2: all
  Completed inference in 16 steps
Processing batch 3: all
  Completed inference in 16 steps
Processing batch 4: all
  Completed inference in 16 steps

Running 0 evaluator(s)...
All evaluators completed!
SAVE CHECKPOINT
[Rank 0, World Size 1]: Epoch 3500
TRAIN
EVALUATE
SWITCH TO EMA
Processing batch 1: all
  Completed inference in 16 steps
Processing batch 2: all
  Completed inference in 16 steps
Processing batch 3: all
  Completed inference in 16 steps
Processing batch 4: all
  Completed inference in 16 steps

Running 0 evaluator(s)...
All evaluators completed!
SAVE CHECKPOINT
[Rank 0, World Size 1]: Epoch 4000
TRAIN
EVALUATE
SWITCH TO EMA
Processing batch 1: all
  Completed inference in 16 steps
Processing batch 2: all
  Completed inference in 16 steps
Processing batch 3: all
  Completed inference in 16 steps
Processing batch 4: all
  Completed inference in 16 steps

Running 0 evaluator(s)...
All evaluators completed!
SAVE CHECKPOINT
[Rank 0, World Size 1]: Epoch 4500
TRAIN
EVALUATE
SWITCH TO EMA
Processing batch 1: all
  Completed inference in 16 steps
Processing batch 2: all
  Completed inference in 16 steps
Processing batch 3: all
  Completed inference in 16 steps
Processing batch 4: all
  Completed inference in 16 steps

Running 0 evaluator(s)...
All evaluators completed!
SAVE CHECKPOINT
