============================================
Starting ablation runs at Thu Mar 12 08:03:18 PM EDT 2026
Node: c0906a-s15.ufhpc, GPU: NVIDIA B200
============================================

[Thu Mar 12 08:03:18 PM EDT 2026] === RUN 1/5: ABLATION_BASELINE ===
TinyRecursiveReasoningModel_ACTV1(
  (inner): TinyRecursiveReasoningModel_ACTV1_Inner(
    (embed_tokens): CastedEmbedding()
    (lm_head): CastedLinear()
    (q_head): CastedLinear()
    (puzzle_emb): CastedSparseEmbedding()
    (rotary_emb): RotaryEmbedding()
    (L_level): TinyRecursiveReasoningModel_ACTV1ReasoningModule(
      (layers): ModuleList(
        (0-1): 2 x TinyRecursiveReasoningModel_ACTV1Block(
          (self_attn): Attention(
            (qkv_proj): CastedLinear()
            (o_proj): CastedLinear()
          )
          (mlp): SwiGLU(
            (gate_up_proj): CastedLinear()
            (down_proj): CastedLinear()
          )
        )
      )
    )
  )
)
Setup EMA
[Rank 0, World Size 1]: Epoch 0
TRAIN
EVALUATE
SWITCH TO EMA
Processing batch 1: all
  Completed inference in 16 steps
Processing batch 2: all
  Completed inference in 16 steps
Processing batch 3: all
  Completed inference in 16 steps
Processing batch 4: all
  Completed inference in 16 steps

Running 0 evaluator(s)...
All evaluators completed!
SAVE CHECKPOINT
[Rank 0, World Size 1]: Epoch 500
TRAIN
EVALUATE
SWITCH TO EMA
Processing batch 1: all
  Completed inference in 16 steps
Processing batch 2: all
  Completed inference in 16 steps
Processing batch 3: all
  Completed inference in 16 steps
Processing batch 4: all
  Completed inference in 16 steps

Running 0 evaluator(s)...
All evaluators completed!
SAVE CHECKPOINT
[Rank 0, World Size 1]: Epoch 1000
TRAIN
EVALUATE
SWITCH TO EMA
Processing batch 1: all
  Completed inference in 16 steps
Processing batch 2: all
  Completed inference in 16 steps
Processing batch 3: all
  Completed inference in 16 steps
Processing batch 4: all
  Completed inference in 16 steps

Running 0 evaluator(s)...
All evaluators completed!
SAVE CHECKPOINT
[Rank 0, World Size 1]: Epoch 1500
TRAIN
EVALUATE
SWITCH TO EMA
Processing batch 1: all
  Completed inference in 16 steps
Processing batch 2: all
  Completed inference in 16 steps
Processing batch 3: all
  Completed inference in 16 steps
Processing batch 4: all
  Completed inference in 16 steps

Running 0 evaluator(s)...
All evaluators completed!
SAVE CHECKPOINT
[Rank 0, World Size 1]: Epoch 2000
TRAIN
EVALUATE
SWITCH TO EMA
Processing batch 1: all
  Completed inference in 16 steps
Processing batch 2: all
  Completed inference in 16 steps
Processing batch 3: all
  Completed inference in 16 steps
Processing batch 4: all
  Completed inference in 16 steps

Running 0 evaluator(s)...
All evaluators completed!
SAVE CHECKPOINT
[Rank 0, World Size 1]: Epoch 2500
TRAIN
EVALUATE
SWITCH TO EMA
Processing batch 1: all
  Completed inference in 16 steps
Processing batch 2: all
  Completed inference in 16 steps
Processing batch 3: all
  Completed inference in 16 steps
Processing batch 4: all
  Completed inference in 16 steps

Running 0 evaluator(s)...
All evaluators completed!
SAVE CHECKPOINT
[Rank 0, World Size 1]: Epoch 3000
TRAIN
EVALUATE
SWITCH TO EMA
Processing batch 1: all
  Completed inference in 16 steps
Processing batch 2: all
  Completed inference in 16 steps
Processing batch 3: all
  Completed inference in 16 steps
Processing batch 4: all
  Completed inference in 16 steps

Running 0 evaluator(s)...
All evaluators completed!
SAVE CHECKPOINT
[Rank 0, World Size 1]: Epoch 3500
TRAIN
EVALUATE
SWITCH TO EMA
Processing batch 1: all
  Completed inference in 16 steps
Processing batch 2: all
  Completed inference in 16 steps
Processing batch 3: all
  Completed inference in 16 steps
Processing batch 4: all
  Completed inference in 16 steps

Running 0 evaluator(s)...
All evaluators completed!
SAVE CHECKPOINT
[Rank 0, World Size 1]: Epoch 4000
TRAIN
EVALUATE
SWITCH TO EMA
Processing batch 1: all
  Completed inference in 16 steps
Processing batch 2: all
  Completed inference in 16 steps
Processing batch 3: all
  Completed inference in 16 steps
Processing batch 4: all
  Completed inference in 16 steps

Running 0 evaluator(s)...
All evaluators completed!
SAVE CHECKPOINT
[Rank 0, World Size 1]: Epoch 4500
TRAIN
EVALUATE
SWITCH TO EMA
Processing batch 1: all
  Completed inference in 16 steps
Processing batch 2: all
  Completed inference in 16 steps
Processing batch 3: all
  Completed inference in 16 steps
Processing batch 4: all
  Completed inference in 16 steps

Running 0 evaluator(s)...
All evaluators completed!
SAVE CHECKPOINT
[Fri Mar 13 12:22:46 AM EDT 2026] === RUN 1/5 COMPLETE ===

[Fri Mar 13 12:22:46 AM EDT 2026] === RUN 2/5: ABLATION_BRIER_ONLY ===
TinyRecursiveReasoningModel_ACTV1(
  (inner): TinyRecursiveReasoningModel_ACTV1_Inner(
    (embed_tokens): CastedEmbedding()
    (lm_head): CastedLinear()
    (q_head): CastedLinear()
    (puzzle_emb): CastedSparseEmbedding()
    (rotary_emb): RotaryEmbedding()
    (L_level): TinyRecursiveReasoningModel_ACTV1ReasoningModule(
      (layers): ModuleList(
        (0-1): 2 x TinyRecursiveReasoningModel_ACTV1Block(
          (self_attn): Attention(
            (qkv_proj): CastedLinear()
            (o_proj): CastedLinear()
          )
          (mlp): SwiGLU(
            (gate_up_proj): CastedLinear()
            (down_proj): CastedLinear()
          )
        )
      )
    )
  )
)
Setup EMA
[Rank 0, World Size 1]: Epoch 0
TRAIN
EVALUATE
SWITCH TO EMA
Processing batch 1: all
  Completed inference in 16 steps
Processing batch 2: all
  Completed inference in 16 steps
Processing batch 3: all
  Completed inference in 16 steps
Processing batch 4: all
  Completed inference in 16 steps

Running 0 evaluator(s)...
All evaluators completed!
SAVE CHECKPOINT
[Rank 0, World Size 1]: Epoch 500
TRAIN
EVALUATE
SWITCH TO EMA
Processing batch 1: all
  Completed inference in 16 steps
Processing batch 2: all
  Completed inference in 16 steps
Processing batch 3: all
  Completed inference in 16 steps
Processing batch 4: all
  Completed inference in 16 steps

Running 0 evaluator(s)...
All evaluators completed!
SAVE CHECKPOINT
[Rank 0, World Size 1]: Epoch 1000
TRAIN
EVALUATE
SWITCH TO EMA
Processing batch 1: all
  Completed inference in 16 steps
Processing batch 2: all
  Completed inference in 16 steps
Processing batch 3: all
  Completed inference in 16 steps
Processing batch 4: all
  Completed inference in 16 steps

Running 0 evaluator(s)...
All evaluators completed!
SAVE CHECKPOINT
[Rank 0, World Size 1]: Epoch 1500
TRAIN
EVALUATE
SWITCH TO EMA
Processing batch 1: all
  Completed inference in 16 steps
Processing batch 2: all
  Completed inference in 16 steps
Processing batch 3: all
  Completed inference in 16 steps
Processing batch 4: all
  Completed inference in 16 steps

Running 0 evaluator(s)...
All evaluators completed!
SAVE CHECKPOINT
[Rank 0, World Size 1]: Epoch 2000
TRAIN
EVALUATE
SWITCH TO EMA
Processing batch 1: all
  Completed inference in 16 steps
Processing batch 2: all
  Completed inference in 16 steps
Processing batch 3: all
  Completed inference in 16 steps
Processing batch 4: all
  Completed inference in 16 steps

Running 0 evaluator(s)...
All evaluators completed!
SAVE CHECKPOINT
[Rank 0, World Size 1]: Epoch 2500
TRAIN
EVALUATE
SWITCH TO EMA
Processing batch 1: all
  Completed inference in 16 steps
Processing batch 2: all
  Completed inference in 16 steps
Processing batch 3: all
  Completed inference in 16 steps
Processing batch 4: all
  Completed inference in 16 steps

Running 0 evaluator(s)...
All evaluators completed!
SAVE CHECKPOINT
[Rank 0, World Size 1]: Epoch 3000
TRAIN
EVALUATE
SWITCH TO EMA
Processing batch 1: all
  Completed inference in 16 steps
Processing batch 2: all
  Completed inference in 16 steps
Processing batch 3: all
  Completed inference in 16 steps
Processing batch 4: all
  Completed inference in 16 steps

Running 0 evaluator(s)...
All evaluators completed!
SAVE CHECKPOINT
[Rank 0, World Size 1]: Epoch 3500
TRAIN
EVALUATE
SWITCH TO EMA
Processing batch 1: all
  Completed inference in 16 steps
Processing batch 2: all
  Completed inference in 16 steps
Processing batch 3: all
  Completed inference in 16 steps
Processing batch 4: all
  Completed inference in 16 steps

Running 0 evaluator(s)...
All evaluators completed!
SAVE CHECKPOINT
[Rank 0, World Size 1]: Epoch 4000
TRAIN
EVALUATE
SWITCH TO EMA
Processing batch 1: all
  Completed inference in 16 steps
Processing batch 2: all
  Completed inference in 16 steps
Processing batch 3: all
  Completed inference in 16 steps
Processing batch 4: all
  Completed inference in 16 steps

Running 0 evaluator(s)...
All evaluators completed!
SAVE CHECKPOINT
[Rank 0, World Size 1]: Epoch 4500
TRAIN
EVALUATE
SWITCH TO EMA
Processing batch 1: all
  Completed inference in 16 steps
Processing batch 2: all
  Completed inference in 16 steps
Processing batch 3: all
  Completed inference in 16 steps
Processing batch 4: all
  Completed inference in 16 steps

Running 0 evaluator(s)...
All evaluators completed!
SAVE CHECKPOINT
[Fri Mar 13 04:41:15 AM EDT 2026] === RUN 2/5 COMPLETE ===

[Fri Mar 13 04:41:15 AM EDT 2026] === RUN 3/5: ABLATION_MONO_ONLY ===
TinyRecursiveReasoningModel_ACTV1(
  (inner): TinyRecursiveReasoningModel_ACTV1_Inner(
    (embed_tokens): CastedEmbedding()
    (lm_head): CastedLinear()
    (q_head): CastedLinear()
    (puzzle_emb): CastedSparseEmbedding()
    (rotary_emb): RotaryEmbedding()
    (L_level): TinyRecursiveReasoningModel_ACTV1ReasoningModule(
      (layers): ModuleList(
        (0-1): 2 x TinyRecursiveReasoningModel_ACTV1Block(
          (self_attn): Attention(
            (qkv_proj): CastedLinear()
            (o_proj): CastedLinear()
          )
          (mlp): SwiGLU(
            (gate_up_proj): CastedLinear()
            (down_proj): CastedLinear()
          )
        )
      )
    )
  )
)
Setup EMA
[Rank 0, World Size 1]: Epoch 0
TRAIN
EVALUATE
SWITCH TO EMA
Processing batch 1: all
  Completed inference in 16 steps
Processing batch 2: all
  Completed inference in 16 steps
Processing batch 3: all
  Completed inference in 16 steps
Processing batch 4: all
  Completed inference in 16 steps

Running 0 evaluator(s)...
All evaluators completed!
SAVE CHECKPOINT
[Rank 0, World Size 1]: Epoch 500
TRAIN
EVALUATE
SWITCH TO EMA
Processing batch 1: all
  Completed inference in 16 steps
Processing batch 2: all
  Completed inference in 16 steps
Processing batch 3: all
  Completed inference in 16 steps
Processing batch 4: all
  Completed inference in 16 steps

Running 0 evaluator(s)...
All evaluators completed!
SAVE CHECKPOINT
[Rank 0, World Size 1]: Epoch 1000
TRAIN
EVALUATE
SWITCH TO EMA
Processing batch 1: all
  Completed inference in 16 steps
Processing batch 2: all
  Completed inference in 16 steps
Processing batch 3: all
  Completed inference in 16 steps
Processing batch 4: all
  Completed inference in 16 steps

Running 0 evaluator(s)...
All evaluators completed!
SAVE CHECKPOINT
[Rank 0, World Size 1]: Epoch 1500
TRAIN
EVALUATE
SWITCH TO EMA
Processing batch 1: all
  Completed inference in 16 steps
Processing batch 2: all
  Completed inference in 16 steps
Processing batch 3: all
  Completed inference in 16 steps
Processing batch 4: all
  Completed inference in 16 steps

Running 0 evaluator(s)...
All evaluators completed!
SAVE CHECKPOINT
[Rank 0, World Size 1]: Epoch 2000
TRAIN
EVALUATE
SWITCH TO EMA
Processing batch 1: all
  Completed inference in 16 steps
Processing batch 2: all
  Completed inference in 16 steps
Processing batch 3: all
  Completed inference in 16 steps
Processing batch 4: all
  Completed inference in 16 steps

Running 0 evaluator(s)...
All evaluators completed!
SAVE CHECKPOINT
[Rank 0, World Size 1]: Epoch 2500
TRAIN
EVALUATE
SWITCH TO EMA
Processing batch 1: all
  Completed inference in 16 steps
Processing batch 2: all
  Completed inference in 16 steps
Processing batch 3: all
  Completed inference in 16 steps
Processing batch 4: all
  Completed inference in 16 steps

Running 0 evaluator(s)...
All evaluators completed!
SAVE CHECKPOINT
[Rank 0, World Size 1]: Epoch 3000
TRAIN
EVALUATE
SWITCH TO EMA
Processing batch 1: all
  Completed inference in 16 steps
Processing batch 2: all
  Completed inference in 16 steps
Processing batch 3: all
  Completed inference in 16 steps
Processing batch 4: all
  Completed inference in 16 steps

Running 0 evaluator(s)...
All evaluators completed!
SAVE CHECKPOINT
[Rank 0, World Size 1]: Epoch 3500
TRAIN
EVALUATE
SWITCH TO EMA
Processing batch 1: all
  Completed inference in 16 steps
Processing batch 2: all
  Completed inference in 16 steps
Processing batch 3: all
  Completed inference in 16 steps
Processing batch 4: all
  Completed inference in 16 steps

Running 0 evaluator(s)...
All evaluators completed!
SAVE CHECKPOINT
[Rank 0, World Size 1]: Epoch 4000
TRAIN
EVALUATE
SWITCH TO EMA
Processing batch 1: all
  Completed inference in 16 steps
Processing batch 2: all
  Completed inference in 16 steps
Processing batch 3: all
  Completed inference in 16 steps
Processing batch 4: all
  Completed inference in 16 steps

Running 0 evaluator(s)...
All evaluators completed!
SAVE CHECKPOINT
[Rank 0, World Size 1]: Epoch 4500
TRAIN
EVALUATE
SWITCH TO EMA
Processing batch 1: all
  Completed inference in 16 steps
Processing batch 2: all
  Completed inference in 16 steps
Processing batch 3: all
  Completed inference in 16 steps
Processing batch 4: all
  Completed inference in 16 steps

Running 0 evaluator(s)...
All evaluators completed!
SAVE CHECKPOINT
[Fri Mar 13 08:59:42 AM EDT 2026] === RUN 3/5 COMPLETE ===

[Fri Mar 13 08:59:42 AM EDT 2026] === RUN 4/5: ABLATION_SOFTMAX_ONLY ===
TinyRecursiveReasoningModel_ACTV1(
  (inner): TinyRecursiveReasoningModel_ACTV1_Inner(
    (embed_tokens): CastedEmbedding()
    (lm_head): CastedLinear()
    (q_head): CastedLinear()
    (puzzle_emb): CastedSparseEmbedding()
    (rotary_emb): RotaryEmbedding()
    (L_level): TinyRecursiveReasoningModel_ACTV1ReasoningModule(
      (layers): ModuleList(
        (0-1): 2 x TinyRecursiveReasoningModel_ACTV1Block(
          (self_attn): Attention(
            (qkv_proj): CastedLinear()
            (o_proj): CastedLinear()
          )
          (mlp): SwiGLU(
            (gate_up_proj): CastedLinear()
            (down_proj): CastedLinear()
          )
        )
      )
    )
  )
)
Setup EMA
[Rank 0, World Size 1]: Epoch 0
TRAIN
EVALUATE
SWITCH TO EMA
Processing batch 1: all
  Completed inference in 16 steps
Processing batch 2: all
  Completed inference in 16 steps
Processing batch 3: all
  Completed inference in 16 steps
Processing batch 4: all
  Completed inference in 16 steps

Running 0 evaluator(s)...
All evaluators completed!
SAVE CHECKPOINT
[Rank 0, World Size 1]: Epoch 500
TRAIN
EVALUATE
SWITCH TO EMA
Processing batch 1: all
  Completed inference in 16 steps
Processing batch 2: all
  Completed inference in 16 steps
Processing batch 3: all
  Completed inference in 16 steps
Processing batch 4: all
  Completed inference in 16 steps

Running 0 evaluator(s)...
All evaluators completed!
SAVE CHECKPOINT
[Rank 0, World Size 1]: Epoch 1000
TRAIN
EVALUATE
SWITCH TO EMA
Processing batch 1: all
  Completed inference in 16 steps
Processing batch 2: all
  Completed inference in 16 steps
Processing batch 3: all
  Completed inference in 16 steps
Processing batch 4: all
  Completed inference in 16 steps

Running 0 evaluator(s)...
All evaluators completed!
SAVE CHECKPOINT
[Rank 0, World Size 1]: Epoch 1500
TRAIN
EVALUATE
SWITCH TO EMA
Processing batch 1: all
  Completed inference in 16 steps
Processing batch 2: all
  Completed inference in 16 steps
Processing batch 3: all
  Completed inference in 16 steps
Processing batch 4: all
  Completed inference in 16 steps

Running 0 evaluator(s)...
All evaluators completed!
SAVE CHECKPOINT
[Rank 0, World Size 1]: Epoch 2000
TRAIN
EVALUATE
SWITCH TO EMA
Processing batch 1: all
  Completed inference in 16 steps
Processing batch 2: all
  Completed inference in 16 steps
Processing batch 3: all
  Completed inference in 16 steps
Processing batch 4: all
  Completed inference in 16 steps

Running 0 evaluator(s)...
All evaluators completed!
SAVE CHECKPOINT
[Rank 0, World Size 1]: Epoch 2500
TRAIN
EVALUATE
SWITCH TO EMA
Processing batch 1: all
  Completed inference in 16 steps
Processing batch 2: all
  Completed inference in 16 steps
Processing batch 3: all
  Completed inference in 16 steps
Processing batch 4: all
  Completed inference in 16 steps

Running 0 evaluator(s)...
All evaluators completed!
SAVE CHECKPOINT
[Rank 0, World Size 1]: Epoch 3000
TRAIN
EVALUATE
SWITCH TO EMA
Processing batch 1: all
  Completed inference in 16 steps
Processing batch 2: all
  Completed inference in 16 steps
Processing batch 3: all
  Completed inference in 16 steps
Processing batch 4: all
  Completed inference in 16 steps

Running 0 evaluator(s)...
All evaluators completed!
SAVE CHECKPOINT
[Rank 0, World Size 1]: Epoch 3500
TRAIN
EVALUATE
SWITCH TO EMA
Processing batch 1: all
  Completed inference in 16 steps
Processing batch 2: all
  Completed inference in 16 steps
Processing batch 3: all
  Completed inference in 16 steps
Processing batch 4: all
  Completed inference in 16 steps

Running 0 evaluator(s)...
All evaluators completed!
SAVE CHECKPOINT
[Rank 0, World Size 1]: Epoch 4000
TRAIN
EVALUATE
SWITCH TO EMA
Processing batch 1: all
  Completed inference in 16 steps
Processing batch 2: all
  Completed inference in 16 steps
Processing batch 3: all
  Completed inference in 16 steps
Processing batch 4: all
  Completed inference in 16 steps

Running 0 evaluator(s)...
All evaluators completed!
SAVE CHECKPOINT
[Rank 0, World Size 1]: Epoch 4500
TRAIN
EVALUATE
SWITCH TO EMA
Processing batch 1: all
  Completed inference in 16 steps
Processing batch 2: all
  Completed inference in 16 steps
Processing batch 3: all
  Completed inference in 16 steps
Processing batch 4: all
  Completed inference in 16 steps

Running 0 evaluator(s)...
All evaluators completed!
SAVE CHECKPOINT
[Fri Mar 13 01:18:15 PM EDT 2026] === RUN 4/5 COMPLETE ===

[Fri Mar 13 01:18:15 PM EDT 2026] === RUN 5/5: ABLATION_FULL_COMBO ===
TinyRecursiveReasoningModel_ACTV1(
  (inner): TinyRecursiveReasoningModel_ACTV1_Inner(
    (embed_tokens): CastedEmbedding()
    (lm_head): CastedLinear()
    (q_head): CastedLinear()
    (puzzle_emb): CastedSparseEmbedding()
    (rotary_emb): RotaryEmbedding()
    (L_level): TinyRecursiveReasoningModel_ACTV1ReasoningModule(
      (layers): ModuleList(
        (0-1): 2 x TinyRecursiveReasoningModel_ACTV1Block(
          (self_attn): Attention(
            (qkv_proj): CastedLinear()
            (o_proj): CastedLinear()
          )
          (mlp): SwiGLU(
            (gate_up_proj): CastedLinear()
            (down_proj): CastedLinear()
          )
        )
      )
    )
  )
)
Setup EMA
[Rank 0, World Size 1]: Epoch 0
TRAIN
EVALUATE
SWITCH TO EMA
Processing batch 1: all
  Completed inference in 16 steps
Processing batch 2: all
  Completed inference in 16 steps
Processing batch 3: all
  Completed inference in 16 steps
Processing batch 4: all
  Completed inference in 16 steps

Running 0 evaluator(s)...
All evaluators completed!
SAVE CHECKPOINT
[Rank 0, World Size 1]: Epoch 500
TRAIN
EVALUATE
SWITCH TO EMA
Processing batch 1: all
  Completed inference in 16 steps
Processing batch 2: all
  Completed inference in 16 steps
Processing batch 3: all
  Completed inference in 16 steps
Processing batch 4: all
  Completed inference in 16 steps

Running 0 evaluator(s)...
All evaluators completed!
SAVE CHECKPOINT
[Rank 0, World Size 1]: Epoch 1000
TRAIN
EVALUATE
SWITCH TO EMA
Processing batch 1: all
  Completed inference in 16 steps
Processing batch 2: all
  Completed inference in 16 steps
Processing batch 3: all
  Completed inference in 16 steps
Processing batch 4: all
  Completed inference in 16 steps

Running 0 evaluator(s)...
All evaluators completed!
SAVE CHECKPOINT
[Rank 0, World Size 1]: Epoch 1500
TRAIN
EVALUATE
SWITCH TO EMA
Processing batch 1: all
  Completed inference in 16 steps
Processing batch 2: all
  Completed inference in 16 steps
Processing batch 3: all
  Completed inference in 16 steps
Processing batch 4: all
  Completed inference in 16 steps

Running 0 evaluator(s)...
All evaluators completed!
SAVE CHECKPOINT
[Rank 0, World Size 1]: Epoch 2000
TRAIN
EVALUATE
SWITCH TO EMA
Processing batch 1: all
  Completed inference in 16 steps
Processing batch 2: all
  Completed inference in 16 steps
Processing batch 3: all
  Completed inference in 16 steps
Processing batch 4: all
  Completed inference in 16 steps

Running 0 evaluator(s)...
All evaluators completed!
SAVE CHECKPOINT
[Rank 0, World Size 1]: Epoch 2500
TRAIN
EVALUATE
SWITCH TO EMA
Processing batch 1: all
  Completed inference in 16 steps
Processing batch 2: all
  Completed inference in 16 steps
Processing batch 3: all
  Completed inference in 16 steps
Processing batch 4: all
  Completed inference in 16 steps

Running 0 evaluator(s)...
All evaluators completed!
SAVE CHECKPOINT
[Rank 0, World Size 1]: Epoch 3000
TRAIN
EVALUATE
SWITCH TO EMA
Processing batch 1: all
  Completed inference in 16 steps
Processing batch 2: all
  Completed inference in 16 steps
Processing batch 3: all
  Completed inference in 16 steps
Processing batch 4: all
  Completed inference in 16 steps

Running 0 evaluator(s)...
All evaluators completed!
SAVE CHECKPOINT
[Rank 0, World Size 1]: Epoch 3500
TRAIN
EVALUATE
SWITCH TO EMA
Processing batch 1: all
  Completed inference in 16 steps
Processing batch 2: all
  Completed inference in 16 steps
Processing batch 3: all
  Completed inference in 16 steps
Processing batch 4: all
  Completed inference in 16 steps

Running 0 evaluator(s)...
All evaluators completed!
SAVE CHECKPOINT
[Rank 0, World Size 1]: Epoch 4000
TRAIN
EVALUATE
SWITCH TO EMA
Processing batch 1: all
  Completed inference in 16 steps
Processing batch 2: all
  Completed inference in 16 steps
Processing batch 3: all
  Completed inference in 16 steps
Processing batch 4: all
  Completed inference in 16 steps

Running 0 evaluator(s)...
All evaluators completed!
SAVE CHECKPOINT
[Rank 0, World Size 1]: Epoch 4500
TRAIN
EVALUATE
SWITCH TO EMA
Processing batch 1: all
  Completed inference in 16 steps
Processing batch 2: all
  Completed inference in 16 steps
Processing batch 3: all
  Completed inference in 16 steps
Processing batch 4: all
  Completed inference in 16 steps

Running 0 evaluator(s)...
All evaluators completed!
SAVE CHECKPOINT
[Fri Mar 13 05:36:47 PM EDT 2026] === RUN 5/5 COMPLETE ===

============================================
All ablation runs finished at Fri Mar 13 05:36:47 PM EDT 2026
============================================
